<?xml version="1.0" encoding="UTF-8"?>
<testng-results total="5" passed="3" failed="2" skipped="0">
  <reporter-output>
  </reporter-output>
  <suite started-at="2021-06-30T18:57:13Z" name="Suite" finished-at="2021-06-30T18:57:49Z" duration-ms="35999">
    <groups>
    </groups>
    <test started-at="2021-06-30T18:57:13Z" name="Validating title in the page" finished-at="2021-06-30T18:57:27Z" duration-ms="14047">
      <class name="Salesforce.E2E_AutomationTest.ValidateTitle">
        <test-method is-config="true" signature="initialize()[pri:0, instance:Salesforce.E2E_AutomationTest.ValidateTitle@308a6984]" started-at="2021-06-30T19:57:13Z" name="initialize" finished-at="2021-06-30T19:57:21Z" duration-ms="8546" status="PASS">
          <reporter-output>
          </reporter-output>
        </test-method> <!-- initialize -->
        <test-method signature="validateTitle()[pri:0, instance:Salesforce.E2E_AutomationTest.ValidateTitle@308a6984]" started-at="2021-06-30T19:57:21Z" name="validateTitle" finished-at="2021-06-30T19:57:26Z" duration-ms="4656" status="FAIL">
          <exception class="java.lang.AssertionError">
            <message>
              <![CDATA[expected [Get back to growth with the world’s #1 CRM, powered by Customer 360] but found [Get back to growth with the world’s #1 CRM, powered by Customer 360.]]]>
            </message>
            <full-stacktrace>
              <![CDATA[java.lang.AssertionError: expected [Get back to growth with the world’s #1 CRM, powered by Customer 360] but found [Get back to growth with the world’s #1 CRM, powered by Customer 360.]
	at org.testng.Assert.fail(Assert.java:94)
	at org.testng.Assert.failNotEquals(Assert.java:494)
	at org.testng.Assert.assertEquals(Assert.java:123)
	at org.testng.Assert.assertEquals(Assert.java:176)
	at org.testng.Assert.assertEquals(Assert.java:186)
	at Salesforce.E2E_AutomationTest.ValidateTitle.validateTitle(ValidateTitle.java:45)
	at java.base/jdk.internal.reflect.NativeMethodAccessorImpl.invoke0(Native Method)
	at java.base/jdk.internal.reflect.NativeMethodAccessorImpl.invoke(NativeMethodAccessorImpl.java:64)
	at java.base/jdk.internal.reflect.DelegatingMethodAccessorImpl.invoke(DelegatingMethodAccessorImpl.java:43)
	at java.base/java.lang.reflect.Method.invoke(Method.java:564)
	at org.testng.internal.MethodInvocationHelper.invokeMethod(MethodInvocationHelper.java:80)
	at org.testng.internal.Invoker.invokeMethod(Invoker.java:714)
	at org.testng.internal.Invoker.invokeTestMethod(Invoker.java:901)
	at org.testng.internal.Invoker.invokeTestMethods(Invoker.java:1231)
	at org.testng.internal.TestMethodWorker.invokeTestMethods(TestMethodWorker.java:127)
	at org.testng.internal.TestMethodWorker.run(TestMethodWorker.java:111)
	at org.testng.TestRunner.privateRun(TestRunner.java:767)
	at org.testng.TestRunner.run(TestRunner.java:617)
	at org.testng.SuiteRunner.runTest(SuiteRunner.java:334)
	at org.testng.SuiteRunner.access$000(SuiteRunner.java:37)
	at org.testng.SuiteRunner$SuiteWorker.run(SuiteRunner.java:368)
	at org.testng.internal.thread.ThreadUtil$2.call(ThreadUtil.java:64)
	at java.base/java.util.concurrent.FutureTask.run(FutureTask.java:264)
	at java.base/java.util.concurrent.ThreadPoolExecutor.runWorker(ThreadPoolExecutor.java:1130)
	at java.base/java.util.concurrent.ThreadPoolExecutor$Worker.run(ThreadPoolExecutor.java:630)
	at java.base/java.lang.Thread.run(Thread.java:832)
]]>
            </full-stacktrace>
          </exception> <!-- java.lang.AssertionError -->
          <reporter-output>
          </reporter-output>
        </test-method> <!-- validateTitle -->
        <test-method is-config="true" signature="TearDown()[pri:0, instance:Salesforce.E2E_AutomationTest.ValidateTitle@308a6984]" started-at="2021-06-30T19:57:26Z" name="TearDown" finished-at="2021-06-30T19:57:27Z" duration-ms="458" status="PASS">
          <reporter-output>
          </reporter-output>
        </test-method> <!-- TearDown -->
      </class> <!-- Salesforce.E2E_AutomationTest.ValidateTitle -->
    </test> <!-- Validating title in the page -->
    <test started-at="2021-06-30T18:57:13Z" name="Validating Header" finished-at="2021-06-30T18:57:30Z" duration-ms="17595">
      <class name="Salesforce.E2E_AutomationTest.ValidateHeader">
        <test-method is-config="true" signature="initialize()[pri:0, instance:Salesforce.E2E_AutomationTest.ValidateHeader@27a0a5a2]" started-at="2021-06-30T19:57:13Z" name="initialize" finished-at="2021-06-30T19:57:18Z" duration-ms="5393" status="PASS">
          <reporter-output>
          </reporter-output>
        </test-method> <!-- initialize -->
        <test-method signature="validateHeader()[pri:0, instance:Salesforce.E2E_AutomationTest.ValidateHeader@27a0a5a2]" started-at="2021-06-30T19:57:18Z" name="validateHeader" finished-at="2021-06-30T19:57:25Z" duration-ms="7197" status="PASS">
          <reporter-output>
          </reporter-output>
        </test-method> <!-- validateHeader -->
        <test-method is-config="true" signature="TearDown()[pri:0, instance:Salesforce.E2E_AutomationTest.ValidateHeader@27a0a5a2]" started-at="2021-06-30T19:57:26Z" name="TearDown" finished-at="2021-06-30T19:57:30Z" duration-ms="4993" status="PASS">
          <reporter-output>
          </reporter-output>
        </test-method> <!-- TearDown -->
      </class> <!-- Salesforce.E2E_AutomationTest.ValidateHeader -->
    </test> <!-- Validating Header -->
    <test started-at="2021-06-30T18:57:13Z" name="Validating user login" finished-at="2021-06-30T18:57:49Z" duration-ms="35986">
      <class name="Salesforce.E2E_AutomationTest.HomePage">
        <test-method is-config="true" signature="initialize()[pri:0, instance:Salesforce.E2E_AutomationTest.HomePage@e362c57]" started-at="2021-06-30T19:57:13Z" name="initialize" finished-at="2021-06-30T19:57:16Z" duration-ms="3292" status="PASS">
          <reporter-output>
          </reporter-output>
        </test-method> <!-- initialize -->
        <test-method signature="homePage(java.lang.String, java.lang.String, java.lang.String)[pri:0, instance:Salesforce.E2E_AutomationTest.HomePage@e362c57]" started-at="2021-06-30T19:57:16Z" name="homePage" data-provider="getData" finished-at="2021-06-30T19:57:24Z" duration-ms="7776" status="PASS">
          <params>
            <param index="0">
              <value>
                <![CDATA[nonrestricteduser@salesforce.com]]>
              </value>
            </param>
            <param index="1">
              <value>
                <![CDATA[12341256]]>
              </value>
            </param>
            <param index="2">
              <value>
                <![CDATA[Non-Restricted user]]>
              </value>
            </param>
          </params>
          <reporter-output>
          </reporter-output>
        </test-method> <!-- homePage -->
        <test-method signature="homePage(java.lang.String, java.lang.String, java.lang.String)[pri:0, instance:Salesforce.E2E_AutomationTest.HomePage@e362c57]" started-at="2021-06-30T19:57:24Z" name="homePage" data-provider="getData" finished-at="2021-06-30T19:57:38Z" duration-ms="14439" status="PASS">
          <params>
            <param index="0">
              <value>
                <![CDATA[restricteduser@salesforce.com]]>
              </value>
            </param>
            <param index="1">
              <value>
                <![CDATA[45673388]]>
              </value>
            </param>
            <param index="2">
              <value>
                <![CDATA[Restricted user]]>
              </value>
            </param>
          </params>
          <reporter-output>
          </reporter-output>
        </test-method> <!-- homePage -->
        <test-method signature="validateLoginError()[pri:0, instance:Salesforce.E2E_AutomationTest.HomePage@e362c57]" started-at="2021-06-30T19:57:38Z" name="validateLoginError" finished-at="2021-06-30T19:57:49Z" duration-ms="10085" status="FAIL">
          <exception class="org.openqa.selenium.NoSuchElementException">
            <message>
              <![CDATA[no such element: Unable to locate element: {"method":"css selector","selector":"#error"}
  (Session info: chrome=91.0.4472.114)
For documentation on this error, please visit: https://www.seleniumhq.org/exceptions/no_such_element.html
Build info: version: '3.141.59', revision: 'e82be7d358', time: '2018-11-14T08:17:03'
System info: host: 'DESKTOP-OOA8I55', ip: '192.168.1.11', os.name: 'Windows 10', os.arch: 'amd64', os.version: '10.0', java.version: '15.0.2'
Driver info: org.openqa.selenium.chrome.ChromeDriver
Capabilities {acceptInsecureCerts: false, browserName: chrome, browserVersion: 91.0.4472.114, chrome: {chromedriverVersion: 91.0.4472.101 (af52a90bf870..., userDataDir: C:\Users\shegg\AppData\Loca...}, goog:chromeOptions: {debuggerAddress: localhost:54344}, javascriptEnabled: true, networkConnectionEnabled: false, pageLoadStrategy: normal, platform: WINDOWS, platformName: WINDOWS, proxy: Proxy(), setWindowRect: true, strictFileInteractability: false, timeouts: {implicit: 0, pageLoad: 300000, script: 30000}, unhandledPromptBehavior: dismiss and notify, webauthn:extension:largeBlob: true, webauthn:virtualAuthenticators: true}
Session ID: 894d0cf1d40ae11a230919fea838ef8d
*** Element info: {Using=css selector, value=#error}]]>
            </message>
            <full-stacktrace>
              <![CDATA[org.openqa.selenium.NoSuchElementException: no such element: Unable to locate element: {"method":"css selector","selector":"#error"}
  (Session info: chrome=91.0.4472.114)
For documentation on this error, please visit: https://www.seleniumhq.org/exceptions/no_such_element.html
Build info: version: '3.141.59', revision: 'e82be7d358', time: '2018-11-14T08:17:03'
System info: host: 'DESKTOP-OOA8I55', ip: '192.168.1.11', os.name: 'Windows 10', os.arch: 'amd64', os.version: '10.0', java.version: '15.0.2'
Driver info: org.openqa.selenium.chrome.ChromeDriver
Capabilities {acceptInsecureCerts: false, browserName: chrome, browserVersion: 91.0.4472.114, chrome: {chromedriverVersion: 91.0.4472.101 (af52a90bf870..., userDataDir: C:\Users\shegg\AppData\Loca...}, goog:chromeOptions: {debuggerAddress: localhost:54344}, javascriptEnabled: true, networkConnectionEnabled: false, pageLoadStrategy: normal, platform: WINDOWS, platformName: WINDOWS, proxy: Proxy(), setWindowRect: true, strictFileInteractability: false, timeouts: {implicit: 0, pageLoad: 300000, script: 30000}, unhandledPromptBehavior: dismiss and notify, webauthn:extension:largeBlob: true, webauthn:virtualAuthenticators: true}
Session ID: 894d0cf1d40ae11a230919fea838ef8d
*** Element info: {Using=css selector, value=#error}
	at java.base/jdk.internal.reflect.NativeConstructorAccessorImpl.newInstance0(Native Method)
	at java.base/jdk.internal.reflect.NativeConstructorAccessorImpl.newInstance(NativeConstructorAccessorImpl.java:64)
	at java.base/jdk.internal.reflect.DelegatingConstructorAccessorImpl.newInstance(DelegatingConstructorAccessorImpl.java:45)
	at java.base/java.lang.reflect.Constructor.newInstanceWithCaller(Constructor.java:500)
	at java.base/java.lang.reflect.Constructor.newInstance(Constructor.java:481)
	at org.openqa.selenium.remote.http.W3CHttpResponseCodec.createException(W3CHttpResponseCodec.java:187)
	at org.openqa.selenium.remote.http.W3CHttpResponseCodec.decode(W3CHttpResponseCodec.java:122)
	at org.openqa.selenium.remote.http.W3CHttpResponseCodec.decode(W3CHttpResponseCodec.java:49)
	at org.openqa.selenium.remote.HttpCommandExecutor.execute(HttpCommandExecutor.java:158)
	at org.openqa.selenium.remote.service.DriverCommandExecutor.execute(DriverCommandExecutor.java:83)
	at org.openqa.selenium.remote.RemoteWebDriver.execute(RemoteWebDriver.java:552)
	at org.openqa.selenium.remote.RemoteWebDriver.findElement(RemoteWebDriver.java:323)
	at org.openqa.selenium.remote.RemoteWebDriver.findElementByCssSelector(RemoteWebDriver.java:420)
	at org.openqa.selenium.By$ByCssSelector.findElement(By.java:431)
	at org.openqa.selenium.remote.RemoteWebDriver.findElement(RemoteWebDriver.java:315)
	at pageObjects.LoginPage.getLoginError(LoginPage.java:50)
	at Salesforce.E2E_AutomationTest.HomePage.validateLoginError(HomePage.java:60)
	at java.base/jdk.internal.reflect.NativeMethodAccessorImpl.invoke0(Native Method)
	at java.base/jdk.internal.reflect.NativeMethodAccessorImpl.invoke(NativeMethodAccessorImpl.java:64)
	at java.base/jdk.internal.reflect.DelegatingMethodAccessorImpl.invoke(DelegatingMethodAccessorImpl.java:43)
	at java.base/java.lang.reflect.Method.invoke(Method.java:564)
	at org.testng.internal.MethodInvocationHelper.invokeMethod(MethodInvocationHelper.java:80)
	at org.testng.internal.Invoker.invokeMethod(Invoker.java:714)
	at org.testng.internal.Invoker.invokeTestMethod(Invoker.java:901)
	at org.testng.internal.Invoker.invokeTestMethods(Invoker.java:1231)
	at org.testng.internal.TestMethodWorker.invokeTestMethods(TestMethodWorker.java:127)
	at org.testng.internal.TestMethodWorker.run(TestMethodWorker.java:111)
	at org.testng.TestRunner.privateRun(TestRunner.java:767)
	at org.testng.TestRunner.run(TestRunner.java:617)
	at org.testng.SuiteRunner.runTest(SuiteRunner.java:334)
	at org.testng.SuiteRunner.access$000(SuiteRunner.java:37)
	at org.testng.SuiteRunner$SuiteWorker.run(SuiteRunner.java:368)
	at org.testng.internal.thread.ThreadUtil$2.call(ThreadUtil.java:64)
	at java.base/java.util.concurrent.FutureTask.run(FutureTask.java:264)
	at java.base/java.util.concurrent.ThreadPoolExecutor.runWorker(ThreadPoolExecutor.java:1130)
	at java.base/java.util.concurrent.ThreadPoolExecutor$Worker.run(ThreadPoolExecutor.java:630)
	at java.base/java.lang.Thread.run(Thread.java:832)
]]>
            </full-stacktrace>
          </exception> <!-- org.openqa.selenium.NoSuchElementException -->
          <reporter-output>
          </reporter-output>
        </test-method> <!-- validateLoginError -->
        <test-method is-config="true" signature="TearDown()[pri:0, instance:Salesforce.E2E_AutomationTest.HomePage@e362c57]" started-at="2021-06-30T19:57:49Z" name="TearDown" finished-at="2021-06-30T19:57:49Z" duration-ms="105" status="PASS">
          <reporter-output>
          </reporter-output>
        </test-method> <!-- TearDown -->
      </class> <!-- Salesforce.E2E_AutomationTest.HomePage -->
    </test> <!-- Validating user login -->
  </suite> <!-- Suite -->
</testng-results>
